<?xml version="1.0" encoding="UTF-8"?>
<beans xmlns="http://www.springframework.org/schema/beans"
	xmlns:xsi="http://www.w3.org/2001/XMLSchema-instance" xmlns:context="http://www.springframework.org/schema/context"
	xmlns:jdbc="http://www.springframework.org/schema/jdbc" xmlns:tx="http://www.springframework.org/schema/tx"
	xmlns:aop="http://www.springframework.org/schema/aop"
	xsi:schemaLocation="http://www.springframework.org/schema/beans 
	http://www.springframework.org/schema/beans/spring-beans.xsd 
	http://www.springframework.org/schema/context 
	http://www.springframework.org/schema/context/spring-context.xsd
	http://www.springframework.org/schema/jdbc 
	http://www.springframework.org/schema/jdbc/spring-jdbc.xsd 
	http://www.springframework.org/schema/tx
	http://www.springframework.org/schema/tx/spring-tx.xsd
	http://www.springframework.org/schema/aop
   	http://www.springframework.org/schema/aop/spring-aop.xsd">

	<!-- Root Context: defines shared resources visible to all other web components -->

	<context:property-placeholder location="classpath:environment/test.db.properties" />


	<bean id="dataSource" class="org.h2.jdbcx.JdbcDataSource">
		<property name="URL" value="${db.url}" />
		<property name="user" value="${db.user}" />
		<property name="password" value="" />
	</bean>

	<jdbc:initialize-database>
		<jdbc:script location="classpath:db/test-schema.sql" />
		<jdbc:script location="classpath:db/test-data.sql" />
	</jdbc:initialize-database>

	<bean id="sessionFactory"
		class="org.springframework.orm.hibernate4.LocalSessionFactoryBean">
		<property name="dataSource" ref="dataSource" />
		<property name="annotatedClasses">
			<list>
				<value>com.code.hub.entity.Submission</value>
			</list>
		</property>
		<property name="hibernateProperties">
			<props>
				<prop key="hibernate.dialect">${db.dilect}</prop>
				<prop key="hibernate.show_sql">false</prop>
			</props>
		</property>
	</bean>
	


	<bean id="transactionManager"
		class="org.springframework.orm.hibernate4.HibernateTransactionManager">
		<property name="sessionFactory" ref="sessionFactory" />
	</bean>


	<tx:advice id="txAdvice" transaction-manager="transactionManager">
		<tx:attributes>
			<tx:method name="get*" read-only="true" />
			<tx:method name="search" read-only="true" />
			<tx:method name="*" />
		</tx:attributes>
	</tx:advice>

	<aop:config>
		<aop:pointcut id="servicePointcut"
			expression="execution(* com.code.hub.persistence.*.*(..))" />
		<aop:advisor advice-ref="txAdvice" pointcut-ref="servicePointcut" />
	</aop:config>

	<bean id="submissionDAO"
		class="com.code.hub.persistence.impl.SubmissionDAOImpl">
		<property name="sessionFactory" ref="sessionFactory" />
	</bean>

	
</beans>
